[debug] [2025-10-13T11:03:14.560Z] ----------------------------------------------------------------------
[debug] [2025-10-13T11:03:14.581Z] Command:       C:\Program Files\nodejs\node.exe C:\Users\Irish Jean\AppData\Roaming\npm\node_modules\firebase-tools\lib\bin\firebase.js init
[debug] [2025-10-13T11:03:14.582Z] CLI Version:   14.19.1
[debug] [2025-10-13T11:03:14.582Z] Platform:      win32
[debug] [2025-10-13T11:03:14.583Z] Node Version:  v22.20.0
[debug] [2025-10-13T11:03:14.586Z] Time:          Mon Oct 13 2025 19:03:14 GMT+0800 (Philippine Standard Time)
[debug] [2025-10-13T11:03:14.587Z] ----------------------------------------------------------------------
[debug] 
[info] 
     ######## #### ########  ######## ########     ###     ######  ########
     ##        ##  ##     ## ##       ##     ##  ##   ##  ##       ##
     ######    ##  ########  ######   ########  #########  ######  ######
     ##        ##  ##    ##  ##       ##     ## ##     ##       ## ##
     ##       #### ##     ## ######## ########  ##     ##  ######  ########

You're about to initialize a Firebase project in this directory:

  C:\Users\Irish Jean\Desktop\HINUNANGAN\flutter\Task4

[info] 
=== Project Setup
[info] 
[info] First, let's associate this project directory with a Firebase project.
[info] You can create multiple project aliases by running firebase use --add, 
[info] 
[debug] [2025-10-13T11:03:31.891Z] > command requires scopes: ["email","openid","https://www.googleapis.com/auth/cloudplatformprojects.readonly","https://www.googleapis.com/auth/firebase","https://www.googleapis.com/auth/cloud-platform"]
[debug] [2025-10-13T11:03:31.892Z] > authorizing via signed-in user (melbahinunangan10@gmail.com)
[debug] [2025-10-13T11:03:31.894Z] Checked if tokens are valid: true, expires at: 1760355460031
[debug] [2025-10-13T11:03:31.895Z] Checked if tokens are valid: true, expires at: 1760355460031
[debug] [2025-10-13T11:03:31.897Z] >>> [apiv2][query] GET https://firebase.googleapis.com/v1beta1/projects pageSize=100
[debug] [2025-10-13T11:03:32.797Z] <<< [apiv2][status] GET https://firebase.googleapis.com/v1beta1/projects 200
[debug] [2025-10-13T11:03:32.798Z] <<< [apiv2][body] GET https://firebase.googleapis.com/v1beta1/projects [omitted]
[debug] [2025-10-13T11:04:21.030Z] ----------------------------------------------------------------------
[debug] [2025-10-13T11:04:21.035Z] Command:       C:\Program Files\nodejs\node.exe C:\Users\Irish Jean\AppData\Roaming\npm\node_modules\firebase-tools\lib\bin\firebase.js init
[debug] [2025-10-13T11:04:21.036Z] CLI Version:   14.19.1
[debug] [2025-10-13T11:04:21.036Z] Platform:      win32
[debug] [2025-10-13T11:04:21.037Z] Node Version:  v22.20.0
[debug] [2025-10-13T11:04:21.037Z] Time:          Mon Oct 13 2025 19:04:21 GMT+0800 (Philippine Standard Time)
[debug] [2025-10-13T11:04:21.037Z] ----------------------------------------------------------------------
[debug] 
[info] 
     ######## #### ########  ######## ########     ###     ######  ########
     ##        ##  ##     ## ##       ##     ##  ##   ##  ##       ##
     ######    ##  ########  ######   ########  #########  ######  ######
     ##        ##  ##    ##  ##       ##     ## ##     ##       ## ##
     ##       #### ##     ## ######## ########  ##     ##  ######  ########

You're about to initialize a Firebase project in this directory:

  C:\Users\Irish Jean\Desktop\HINUNANGAN\flutter\Task4

[info] 
=== Project Setup
[info] 
[info] First, let's associate this project directory with a Firebase project.
[info] You can create multiple project aliases by running firebase use --add, 
[info] 
[info] i  If you want to create a project in a Google Cloud organization or folder, please use "firebase projects:create" instead, and return to this command when you've created the project. 
[debug] [2025-10-13T11:04:40.927Z] > command requires scopes: ["email","openid","https://www.googleapis.com/auth/cloudplatformprojects.readonly","https://www.googleapis.com/auth/firebase","https://www.googleapis.com/auth/cloud-platform"]
[debug] [2025-10-13T11:04:40.927Z] > authorizing via signed-in user (melbahinunangan10@gmail.com)
